c:\users\login\onedrive\desktop\sit\cs\project\git\rusha\cproject\.tmp\debug-x64\vc143.pdb
c:\users\login\onedrive\desktop\sit\cs\project\git\rusha\cproject\.tmp\debug-x64\vc143.idb
c:\users\login\onedrive\desktop\sit\cs\project\git\rusha\cproject\.tmp\debug-x64\weapons.obj
c:\users\login\onedrive\desktop\sit\cs\project\git\rusha\cproject\.tmp\debug-x64\utils.obj
c:\users\login\onedrive\desktop\sit\cs\project\git\rusha\cproject\.tmp\debug-x64\tutorial.obj
c:\users\login\onedrive\desktop\sit\cs\project\git\rusha\cproject\.tmp\debug-x64\splashscreen.obj
c:\users\login\onedrive\desktop\sit\cs\project\git\rusha\cproject\.tmp\debug-x64\powerups.obj
c:\users\login\onedrive\desktop\sit\cs\project\git\rusha\cproject\.tmp\debug-x64\player.obj
c:\users\login\onedrive\desktop\sit\cs\project\git\rusha\cproject\.tmp\debug-x64\pause.obj
c:\users\login\onedrive\desktop\sit\cs\project\git\rusha\cproject\.tmp\debug-x64\mainmenu.obj
c:\users\login\onedrive\desktop\sit\cs\project\git\rusha\cproject\.tmp\debug-x64\main.obj
c:\users\login\onedrive\desktop\sit\cs\project\git\rusha\cproject\.tmp\debug-x64\level.obj
c:\users\login\onedrive\desktop\sit\cs\project\git\rusha\cproject\.tmp\debug-x64\enemy.obj
c:\users\login\onedrive\desktop\sit\cs\project\git\rusha\cproject\.tmp\debug-x64\credits.obj
c:\users\login\onedrive\desktop\sit\cs\project\git\rusha\cproject\.tmp\debug-x64\collsion.obj
c:\users\login\onedrive\desktop\sit\cs\project\git\rusha\cproject\.tmp\debug-x64\anim.obj
c:\users\login\onedrive\desktop\sit\cs\project\git\rusha\cproject\bin\debug-x64\cproject.exe
c:\users\login\onedrive\desktop\sit\cs\project\git\rusha\cproject\.tmp\debug-x64\cproject.ilk
c:\users\login\onedrive\desktop\sit\cs\project\git\rusha\cproject\bin\debug-x64\cproject.pdb
c:\users\login\onedrive\desktop\sit\cs\project\git\rusha\cproject\.tmp\debug-x64\cproject.vcxproj.filelistabsolute.txt
c:\users\login\onedrive\desktop\sit\cs\project\git\rusha\cproject\.tmp\debug-x64\cproject.tlog\cl.command.1.tlog
c:\users\login\onedrive\desktop\sit\cs\project\git\rusha\cproject\.tmp\debug-x64\cproject.tlog\cl.read.1.tlog
c:\users\login\onedrive\desktop\sit\cs\project\git\rusha\cproject\.tmp\debug-x64\cproject.tlog\cl.write.1.tlog
c:\users\login\onedrive\desktop\sit\cs\project\git\rusha\cproject\.tmp\debug-x64\cproject.tlog\link.command.1.tlog
c:\users\login\onedrive\desktop\sit\cs\project\git\rusha\cproject\.tmp\debug-x64\cproject.tlog\link.read.1.tlog
c:\users\login\onedrive\desktop\sit\cs\project\git\rusha\cproject\.tmp\debug-x64\cproject.tlog\link.write.1.tlog
