  level.c
C:\1_Shawn\Trimester1\GitHub\rushA\Cproject\Src\level.c(56,42): warning C4244: 'function': conversion from 'int' to 'float', possible loss of data
C:\1_Shawn\Trimester1\GitHub\rushA\Cproject\Src\level.c(56,60): warning C4244: 'function': conversion from 'int' to 'float', possible loss of data
C:\1_Shawn\Trimester1\GitHub\rushA\Cproject\Src\level.c(129,66): warning C4244: 'function': conversion from 'int' to 'float', possible loss of data
C:\1_Shawn\Trimester1\GitHub\rushA\Cproject\Src\level.c(129,100): warning C4244: 'function': conversion from 'int' to 'float', possible loss of data
C:\1_Shawn\Trimester1\GitHub\rushA\Cproject\Src\level.c(130,74): warning C4244: 'function': conversion from 'int' to 'float', possible loss of data
C:\1_Shawn\Trimester1\GitHub\rushA\Cproject\Src\level.c(130,112): warning C4244: 'function': conversion from 'int' to 'float', possible loss of data
C:\1_Shawn\Trimester1\GitHub\rushA\Cproject\Src\level.c(133,48): warning C4113: 'void (__cdecl *)()' differs in parameter lists from 'FunctionPtr'
C:\1_Shawn\Trimester1\GitHub\rushA\Cproject\Src\level.c(133,62): warning C4113: 'void (__cdecl *)()' differs in parameter lists from 'FunctionPtr'
C:\1_Shawn\Trimester1\GitHub\rushA\Cproject\Src\level.c(194,22): warning C4020: 'respawnItem': too many actual parameters
C:\1_Shawn\Trimester1\GitHub\rushA\Cproject\Src\level.c(212,37): warning C4244: 'function': conversion from 'int' to 'float', possible loss of data
C:\1_Shawn\Trimester1\GitHub\rushA\Cproject\Src\level.c(212,56): warning C4244: 'function': conversion from 'int' to 'float', possible loss of data
C:\1_Shawn\Trimester1\GitHub\rushA\Cproject\Src\level.c(216,37): warning C4244: 'function': conversion from 'int' to 'float', possible loss of data
C:\1_Shawn\Trimester1\GitHub\rushA\Cproject\Src\level.c(220,40): warning C4244: 'function': conversion from 'int' to 'float', possible loss of data
C:\1_Shawn\Trimester1\GitHub\rushA\Cproject\Src\level.c(220,59): warning C4244: 'function': conversion from 'int' to 'float', possible loss of data
C:\1_Shawn\Trimester1\GitHub\rushA\Cproject\Src\level.c(224,37): warning C4244: 'function': conversion from 'int' to 'float', possible loss of data
C:\1_Shawn\Trimester1\GitHub\rushA\Cproject\Src\level.c(224,56): warning C4244: 'function': conversion from 'int' to 'float', possible loss of data
C:\1_Shawn\Trimester1\GitHub\rushA\Cproject\Src\level.c(230,60): warning C4244: 'function': conversion from 'int' to 'float', possible loss of data
C:\1_Shawn\Trimester1\GitHub\rushA\Cproject\Src\level.c(232,63): warning C4244: 'function': conversion from 'int' to 'float', possible loss of data
C:\1_Shawn\Trimester1\GitHub\rushA\Cproject\Src\level.c(257,63): warning C4244: 'function': conversion from 'int' to 'float', possible loss of data
C:\1_Shawn\Trimester1\GitHub\rushA\Cproject\Src\level.c(257,98): warning C4244: 'function': conversion from 'int' to 'float', possible loss of data
C:\1_Shawn\Trimester1\GitHub\rushA\Cproject\Src\level.c(258,71): warning C4244: 'function': conversion from 'int' to 'float', possible loss of data
C:\1_Shawn\Trimester1\GitHub\rushA\Cproject\Src\level.c(258,106): warning C4244: 'function': conversion from 'int' to 'float', possible loss of data
C:\1_Shawn\Trimester1\GitHub\rushA\Cproject\Src\level.c(266,35): warning C4244: '+=': conversion from 'float' to 'int', possible loss of data
C:\1_Shawn\Trimester1\GitHub\rushA\Cproject\Src\level.c(272,58): warning C4244: '+=': conversion from 'float' to 'int', possible loss of data
C:\1_Shawn\Trimester1\GitHub\rushA\Cproject\Src\level.c(278,36): warning C4244: '+=': conversion from 'float' to 'int', possible loss of data
C:\1_Shawn\Trimester1\GitHub\rushA\Cproject\Src\level.c(284,58): warning C4244: '+=': conversion from 'float' to 'int', possible loss of data
  Cproject.vcxproj -> C:\1_Shawn\Trimester1\GitHub\rushA\Cproject\bin\Debug-x64\Cproject.exe
  1 File(s) copied
  1 File(s) copied
  7 File(s) copied
