c:\users\login\onedrive\desktop\sit\cs\project\git\rusha\cproject\.tmp\release-x64\vc143.pdb
c:\users\login\onedrive\desktop\sit\cs\project\git\rusha\cproject\.tmp\release-x64\anim.nativecodeanalysis.sarif
c:\users\login\onedrive\desktop\sit\cs\project\git\rusha\cproject\.tmp\release-x64\anim.nativecodeanalysis.xml
c:\users\login\onedrive\desktop\sit\cs\project\git\rusha\cproject\.tmp\release-x64\collsion.nativecodeanalysis.sarif
c:\users\login\onedrive\desktop\sit\cs\project\git\rusha\cproject\.tmp\release-x64\collsion.nativecodeanalysis.xml
c:\users\login\onedrive\desktop\sit\cs\project\git\rusha\cproject\.tmp\release-x64\credits.nativecodeanalysis.sarif
c:\users\login\onedrive\desktop\sit\cs\project\git\rusha\cproject\.tmp\release-x64\credits.nativecodeanalysis.xml
c:\users\login\onedrive\desktop\sit\cs\project\git\rusha\cproject\.tmp\release-x64\enemy.nativecodeanalysis.sarif
c:\users\login\onedrive\desktop\sit\cs\project\git\rusha\cproject\.tmp\release-x64\enemy.nativecodeanalysis.xml
c:\users\login\onedrive\desktop\sit\cs\project\git\rusha\cproject\.tmp\release-x64\level.nativecodeanalysis.sarif
c:\users\login\onedrive\desktop\sit\cs\project\git\rusha\cproject\.tmp\release-x64\level.nativecodeanalysis.xml
c:\users\login\onedrive\desktop\sit\cs\project\git\rusha\cproject\.tmp\release-x64\main.nativecodeanalysis.sarif
c:\users\login\onedrive\desktop\sit\cs\project\git\rusha\cproject\.tmp\release-x64\main.nativecodeanalysis.xml
c:\users\login\onedrive\desktop\sit\cs\project\git\rusha\cproject\.tmp\release-x64\mainmenu.nativecodeanalysis.sarif
c:\users\login\onedrive\desktop\sit\cs\project\git\rusha\cproject\.tmp\release-x64\mainmenu.nativecodeanalysis.xml
c:\users\login\onedrive\desktop\sit\cs\project\git\rusha\cproject\.tmp\release-x64\pause.nativecodeanalysis.sarif
c:\users\login\onedrive\desktop\sit\cs\project\git\rusha\cproject\.tmp\release-x64\pause.nativecodeanalysis.xml
c:\users\login\onedrive\desktop\sit\cs\project\git\rusha\cproject\.tmp\release-x64\player.nativecodeanalysis.sarif
c:\users\login\onedrive\desktop\sit\cs\project\git\rusha\cproject\.tmp\release-x64\player.nativecodeanalysis.xml
c:\users\login\onedrive\desktop\sit\cs\project\git\rusha\cproject\.tmp\release-x64\powerups.nativecodeanalysis.sarif
c:\users\login\onedrive\desktop\sit\cs\project\git\rusha\cproject\.tmp\release-x64\powerups.nativecodeanalysis.xml
c:\users\login\onedrive\desktop\sit\cs\project\git\rusha\cproject\.tmp\release-x64\splashscreen.nativecodeanalysis.sarif
c:\users\login\onedrive\desktop\sit\cs\project\git\rusha\cproject\.tmp\release-x64\splashscreen.nativecodeanalysis.xml
c:\users\login\onedrive\desktop\sit\cs\project\git\rusha\cproject\.tmp\release-x64\tutorial.nativecodeanalysis.sarif
c:\users\login\onedrive\desktop\sit\cs\project\git\rusha\cproject\.tmp\release-x64\tutorial.nativecodeanalysis.xml
c:\users\login\onedrive\desktop\sit\cs\project\git\rusha\cproject\.tmp\release-x64\utils.nativecodeanalysis.sarif
c:\users\login\onedrive\desktop\sit\cs\project\git\rusha\cproject\.tmp\release-x64\utils.nativecodeanalysis.xml
c:\users\login\onedrive\desktop\sit\cs\project\git\rusha\cproject\.tmp\release-x64\weapons.nativecodeanalysis.sarif
c:\users\login\onedrive\desktop\sit\cs\project\git\rusha\cproject\.tmp\release-x64\weapons.nativecodeanalysis.xml
c:\users\login\onedrive\desktop\sit\cs\project\git\rusha\cproject\.tmp\release-x64\weapons.obj
c:\users\login\onedrive\desktop\sit\cs\project\git\rusha\cproject\.tmp\release-x64\utils.obj
c:\users\login\onedrive\desktop\sit\cs\project\git\rusha\cproject\.tmp\release-x64\tutorial.obj
c:\users\login\onedrive\desktop\sit\cs\project\git\rusha\cproject\.tmp\release-x64\splashscreen.obj
c:\users\login\onedrive\desktop\sit\cs\project\git\rusha\cproject\.tmp\release-x64\powerups.obj
c:\users\login\onedrive\desktop\sit\cs\project\git\rusha\cproject\.tmp\release-x64\player.obj
c:\users\login\onedrive\desktop\sit\cs\project\git\rusha\cproject\.tmp\release-x64\pause.obj
c:\users\login\onedrive\desktop\sit\cs\project\git\rusha\cproject\.tmp\release-x64\mainmenu.obj
c:\users\login\onedrive\desktop\sit\cs\project\git\rusha\cproject\.tmp\release-x64\main.obj
c:\users\login\onedrive\desktop\sit\cs\project\git\rusha\cproject\.tmp\release-x64\level.obj
c:\users\login\onedrive\desktop\sit\cs\project\git\rusha\cproject\.tmp\release-x64\enemy.obj
c:\users\login\onedrive\desktop\sit\cs\project\git\rusha\cproject\.tmp\release-x64\credits.obj
c:\users\login\onedrive\desktop\sit\cs\project\git\rusha\cproject\.tmp\release-x64\collsion.obj
c:\users\login\onedrive\desktop\sit\cs\project\git\rusha\cproject\.tmp\release-x64\anim.obj
c:\users\login\onedrive\desktop\sit\cs\project\git\rusha\cproject\bin\release-x64\cproject.exe
c:\users\login\onedrive\desktop\sit\cs\project\git\rusha\cproject\.tmp\release-x64\cproject.ipdb
c:\users\login\onedrive\desktop\sit\cs\project\git\rusha\cproject\bin\release-x64\cproject.pdb
c:\users\login\onedrive\desktop\sit\cs\project\git\rusha\cproject\.tmp\release-x64\cproject.iobj
c:\users\login\onedrive\desktop\sit\cs\project\git\rusha\cproject\.tmp\release-x64\vc.nativecodeanalysis.all.xml
c:\users\login\onedrive\desktop\sit\cs\project\git\rusha\cproject\.tmp\release-x64\cproject.vcxproj.filelistabsolute.txt
c:\users\login\onedrive\desktop\sit\cs\project\git\rusha\cproject\.tmp\release-x64\cproject.tlog\cl.command.1.tlog
c:\users\login\onedrive\desktop\sit\cs\project\git\rusha\cproject\.tmp\release-x64\cproject.tlog\cl.read.1.tlog
c:\users\login\onedrive\desktop\sit\cs\project\git\rusha\cproject\.tmp\release-x64\cproject.tlog\cl.write.1.tlog
c:\users\login\onedrive\desktop\sit\cs\project\git\rusha\cproject\.tmp\release-x64\cproject.tlog\link.command.1.tlog
c:\users\login\onedrive\desktop\sit\cs\project\git\rusha\cproject\.tmp\release-x64\cproject.tlog\link.read.1.tlog
c:\users\login\onedrive\desktop\sit\cs\project\git\rusha\cproject\.tmp\release-x64\cproject.tlog\link.write.1.tlog
